[debug] [2025-10-12T11:35:17.477Z] ----------------------------------------------------------------------
[debug] [2025-10-12T11:35:17.479Z] Command:       /opt/local/bin/node /opt/local/bin/firebase deploy --only hosting
[debug] [2025-10-12T11:35:17.479Z] CLI Version:   14.18.0
[debug] [2025-10-12T11:35:17.479Z] Platform:      darwin
[debug] [2025-10-12T11:35:17.480Z] Node Version:  v20.18.1
[debug] [2025-10-12T11:35:17.480Z] Time:          Sun Oct 12 2025 17:05:17 GMT+0530 (India Standard Time)
[debug] [2025-10-12T11:35:17.480Z] ----------------------------------------------------------------------
[debug] 
[debug] [2025-10-12T11:35:17.559Z] > command requires scopes: ["email","openid","https://www.googleapis.com/auth/cloudplatformprojects.readonly","https://www.googleapis.com/auth/firebase","https://www.googleapis.com/auth/cloud-platform"]
[debug] [2025-10-12T11:35:17.559Z] > authorizing via signed-in user (thedatarhythm@gmail.com)
[debug] [2025-10-12T11:35:17.559Z] [iam] checking project gowreesh-portfolio for permissions ["firebase.projects.get","firebasehosting.sites.update"]
[debug] [2025-10-12T11:35:17.560Z] Checked if tokens are valid: true, expires at: 1760272507950
[debug] [2025-10-12T11:35:17.560Z] Checked if tokens are valid: true, expires at: 1760272507950
[debug] [2025-10-12T11:35:17.560Z] >>> [apiv2][query] POST https://cloudresourcemanager.googleapis.com/v1/projects/gowreesh-portfolio:testIamPermissions [none]
[debug] [2025-10-12T11:35:17.560Z] >>> [apiv2][(partial)header] POST https://cloudresourcemanager.googleapis.com/v1/projects/gowreesh-portfolio:testIamPermissions x-goog-quota-user=projects/gowreesh-portfolio
[debug] [2025-10-12T11:35:17.560Z] >>> [apiv2][body] POST https://cloudresourcemanager.googleapis.com/v1/projects/gowreesh-portfolio:testIamPermissions {"permissions":["firebase.projects.get","firebasehosting.sites.update"]}
[debug] [2025-10-12T11:35:19.050Z] <<< [apiv2][status] POST https://cloudresourcemanager.googleapis.com/v1/projects/gowreesh-portfolio:testIamPermissions 200
[debug] [2025-10-12T11:35:19.050Z] <<< [apiv2][body] POST https://cloudresourcemanager.googleapis.com/v1/projects/gowreesh-portfolio:testIamPermissions {}
[debug] [2025-10-12T11:35:19.051Z] [iam] error while checking permissions, command may fail: Authorization failed. This account is missing the following required permissions on project gowreesh-portfolio:

  firebase.projects.get
  firebasehosting.sites.update
[debug] [2025-10-12T11:35:19.051Z] Checked if tokens are valid: true, expires at: 1760272507950
[debug] [2025-10-12T11:35:19.051Z] Checked if tokens are valid: true, expires at: 1760272507950
[debug] [2025-10-12T11:35:19.052Z] >>> [apiv2][query] GET https://firebase.googleapis.com/v1beta1/projects/gowreesh-portfolio [none]
[debug] [2025-10-12T11:35:20.250Z] <<< [apiv2][status] GET https://firebase.googleapis.com/v1beta1/projects/gowreesh-portfolio 403
[debug] [2025-10-12T11:35:20.250Z] <<< [apiv2][body] GET https://firebase.googleapis.com/v1beta1/projects/gowreesh-portfolio {"error":{"code":403,"message":"The caller does not have permission","status":"PERMISSION_DENIED"}}
[debug] [2025-10-12T11:35:20.251Z] Request to https://firebase.googleapis.com/v1beta1/projects/gowreesh-portfolio had HTTP Error: 403, The caller does not have permission
[debug] [2025-10-12T11:35:20.356Z] FirebaseError: Request to https://firebase.googleapis.com/v1beta1/projects/gowreesh-portfolio had HTTP Error: 403, The caller does not have permission
    at responseToError (/opt/local/lib/node_modules/firebase-tools/lib/responseToError.js:52:12)
    at RetryOperation._fn (/opt/local/lib/node_modules/firebase-tools/lib/apiv2.js:312:77)
    at process.processTicksAndRejections (node:internal/process/task_queues:95:5)
[error] 
[error] Error: Failed to get Firebase project gowreesh-portfolio. Please make sure the project exists and your account has permission to access it.
[debug] [2025-10-12T11:35:28.181Z] ----------------------------------------------------------------------
[debug] [2025-10-12T11:35:28.183Z] Command:       /opt/local/bin/node /opt/local/bin/firebase projects:list
[debug] [2025-10-12T11:35:28.183Z] CLI Version:   14.18.0
[debug] [2025-10-12T11:35:28.183Z] Platform:      darwin
[debug] [2025-10-12T11:35:28.183Z] Node Version:  v20.18.1
[debug] [2025-10-12T11:35:28.183Z] Time:          Sun Oct 12 2025 17:05:28 GMT+0530 (India Standard Time)
[debug] [2025-10-12T11:35:28.183Z] ----------------------------------------------------------------------
[debug] 
[debug] [2025-10-12T11:35:28.257Z] > command requires scopes: ["email","openid","https://www.googleapis.com/auth/cloudplatformprojects.readonly","https://www.googleapis.com/auth/firebase","https://www.googleapis.com/auth/cloud-platform"]
[debug] [2025-10-12T11:35:28.257Z] > authorizing via signed-in user (thedatarhythm@gmail.com)
[debug] [2025-10-12T11:35:28.259Z] Checked if tokens are valid: true, expires at: 1760272507950
[debug] [2025-10-12T11:35:28.259Z] Checked if tokens are valid: true, expires at: 1760272507950
[debug] [2025-10-12T11:35:28.260Z] >>> [apiv2][query] GET https://firebase.googleapis.com/v1beta1/projects pageSize=1000
[debug] [2025-10-12T11:35:29.693Z] <<< [apiv2][status] GET https://firebase.googleapis.com/v1beta1/projects 200
[debug] [2025-10-12T11:35:29.693Z] <<< [apiv2][body] GET https://firebase.googleapis.com/v1beta1/projects [omitted]
[info] ┌─────────────────────────┬─────────────────────────┬────────────────┬──────────────────────┐
│ Project Display Name    │ Project ID              │ Project Number │ Resource Location ID │
├─────────────────────────┼─────────────────────────┼────────────────┼──────────────────────┤
│ Data Rhythm Test        │ data-rhythm-test        │ 894474354263   │ [Not specified]      │
├─────────────────────────┼─────────────────────────┼────────────────┼──────────────────────┤
│ Gowreesh Portfolio 2024 │ gowreesh-portfolio-2024 │ 196412775035   │ [Not specified]      │
├─────────────────────────┼─────────────────────────┼────────────────┼──────────────────────┤
│ Data Rhythm Academy     │ the-data-rhythm-academy │ 340053953391   │ [Not specified]      │
└─────────────────────────┴─────────────────────────┴────────────────┴──────────────────────┘
[info] 
[info] 3 project(s) total.
[debug] [2025-10-12T11:35:35.115Z] Error: Timed out.
    at Timeout.<anonymous> (/opt/local/lib/node_modules/firebase-tools/lib/utils.js:275:49)
    at listOnTimeout (node:internal/timers:581:17)
    at process.processTimers (node:internal/timers:519:7)
[error] 
[error] Error: An unexpected error has occurred.
